<?xml version="1.0" encoding="UTF-8"?>
<testsuite xmlns:xsi="http://www.w3.org/2001/XMLSchema-instance" xsi:noNamespaceSchemaLocation="https://maven.apache.org/surefire/maven-surefire-plugin/xsd/surefire-test-report.xsd" name="com.aipalpay.apr.api.AppTest" time="0.016" tests="1" errors="0" skipped="0" failures="0">
  <properties>
    <property name="sun.desktop" value="windows"/>
    <property name="awt.toolkit" value="sun.awt.windows.WToolkit"/>
    <property name="file.encoding.pkg" value="sun.io"/>
    <property name="java.specification.version" value="1.8"/>
    <property name="sun.cpu.isalist" value="amd64"/>
    <property name="sun.jnu.encoding" value="Cp1252"/>
    <property name="java.class.path" value="C:\Users\lordl\git\aipalpay-apr-api\aipalpay-apr-api\target\test-classes;C:\Users\lordl\git\aipalpay-apr-api\aipalpay-apr-api\target\classes;C:\Users\lordl\.m2\repository\junit\junit\4.11\junit-4.11.jar;C:\Users\lordl\.m2\repository\org\hamcrest\hamcrest-core\1.3\hamcrest-core-1.3.jar;C:\Users\lordl\.m2\repository\com\amazonaws\aws-lambda-java-core\1.2.1\aws-lambda-java-core-1.2.1.jar;C:\Users\lordl\.m2\repository\com\amazonaws\aws-lambda-java-events\3.1.0\aws-lambda-java-events-3.1.0.jar;C:\Users\lordl\.m2\repository\joda-time\joda-time\2.6\joda-time-2.6.jar;C:\Users\lordl\.m2\repository\com\amazonaws\aws-lambda-java-log4j2\1.2.0\aws-lambda-java-log4j2-1.2.0.jar;C:\Users\lordl\.m2\repository\org\apache\logging\log4j\log4j-core\2.13.2\log4j-core-2.13.2.jar;C:\Users\lordl\.m2\repository\org\apache\logging\log4j\log4j-api\2.13.2\log4j-api-2.13.2.jar;C:\Users\lordl\.m2\repository\com\aipalpay\aipalpay-azure-services\1.0.0\aipalpay-azure-services-1.0.0.jar;C:\Users\lordl\.m2\repository\com\microsoft\azure\azure-storage\8.6.5\azure-storage-8.6.5.jar;C:\Users\lordl\.m2\repository\com\fasterxml\jackson\core\jackson-core\2.9.4\jackson-core-2.9.4.jar;C:\Users\lordl\.m2\repository\org\slf4j\slf4j-api\1.7.12\slf4j-api-1.7.12.jar;C:\Users\lordl\.m2\repository\org\apache\commons\commons-lang3\3.4\commons-lang3-3.4.jar;C:\Users\lordl\.m2\repository\com\microsoft\azure\azure-keyvault-core\1.0.0\azure-keyvault-core-1.0.0.jar;C:\Users\lordl\.m2\repository\com\google\guava\guava\20.0\guava-20.0.jar;C:\Users\lordl\.m2\repository\com\aipalpay\aipalpay-common-utils\1.0.0\aipalpay-common-utils-1.0.0.jar;C:\Users\lordl\.m2\repository\com\fasterxml\jackson\core\jackson-databind\2.11.2\jackson-databind-2.11.2.jar;C:\Users\lordl\.m2\repository\com\fasterxml\jackson\core\jackson-annotations\2.11.2\jackson-annotations-2.11.2.jar;C:\Users\lordl\.m2\repository\com\google\code\gson\gson\2.8.6\gson-2.8.6.jar;C:\Users\lordl\.m2\repository\com\aipalpay\aipalpay-data-models\1.0.0\aipalpay-data-models-1.0.0.jar;"/>
    <property name="java.vm.vendor" value="Oracle Corporation"/>
    <property name="sun.arch.data.model" value="64"/>
    <property name="user.variant" value=""/>
    <property name="java.vendor.url" value="http://java.oracle.com/"/>
    <property name="user.timezone" value="America/New_York"/>
    <property name="java.vm.specification.version" value="1.8"/>
    <property name="os.name" value="Windows 10"/>
    <property name="user.country" value="US"/>
    <property name="sun.java.launcher" value="SUN_STANDARD"/>
    <property name="sun.boot.library.path" value="C:\Program Files\Java\jdk1.8.0_261\jre\bin"/>
    <property name="sun.java.command" value="C:\Users\lordl\AppData\Local\Temp\surefire6477684654549426242\surefirebooter5054191794234336797.jar C:\Users\lordl\AppData\Local\Temp\surefire6477684654549426242 2020-11-22T02-04-27_674-jvmRun1 surefire4732238086541426390tmp surefire_07662262423317069624tmp"/>
    <property name="surefire.test.class.path" value="C:\Users\lordl\git\aipalpay-apr-api\aipalpay-apr-api\target\test-classes;C:\Users\lordl\git\aipalpay-apr-api\aipalpay-apr-api\target\classes;C:\Users\lordl\.m2\repository\junit\junit\4.11\junit-4.11.jar;C:\Users\lordl\.m2\repository\org\hamcrest\hamcrest-core\1.3\hamcrest-core-1.3.jar;C:\Users\lordl\.m2\repository\com\amazonaws\aws-lambda-java-core\1.2.1\aws-lambda-java-core-1.2.1.jar;C:\Users\lordl\.m2\repository\com\amazonaws\aws-lambda-java-events\3.1.0\aws-lambda-java-events-3.1.0.jar;C:\Users\lordl\.m2\repository\joda-time\joda-time\2.6\joda-time-2.6.jar;C:\Users\lordl\.m2\repository\com\amazonaws\aws-lambda-java-log4j2\1.2.0\aws-lambda-java-log4j2-1.2.0.jar;C:\Users\lordl\.m2\repository\org\apache\logging\log4j\log4j-core\2.13.2\log4j-core-2.13.2.jar;C:\Users\lordl\.m2\repository\org\apache\logging\log4j\log4j-api\2.13.2\log4j-api-2.13.2.jar;C:\Users\lordl\.m2\repository\com\aipalpay\aipalpay-azure-services\1.0.0\aipalpay-azure-services-1.0.0.jar;C:\Users\lordl\.m2\repository\com\microsoft\azure\azure-storage\8.6.5\azure-storage-8.6.5.jar;C:\Users\lordl\.m2\repository\com\fasterxml\jackson\core\jackson-core\2.9.4\jackson-core-2.9.4.jar;C:\Users\lordl\.m2\repository\org\slf4j\slf4j-api\1.7.12\slf4j-api-1.7.12.jar;C:\Users\lordl\.m2\repository\org\apache\commons\commons-lang3\3.4\commons-lang3-3.4.jar;C:\Users\lordl\.m2\repository\com\microsoft\azure\azure-keyvault-core\1.0.0\azure-keyvault-core-1.0.0.jar;C:\Users\lordl\.m2\repository\com\google\guava\guava\20.0\guava-20.0.jar;C:\Users\lordl\.m2\repository\com\aipalpay\aipalpay-common-utils\1.0.0\aipalpay-common-utils-1.0.0.jar;C:\Users\lordl\.m2\repository\com\fasterxml\jackson\core\jackson-databind\2.11.2\jackson-databind-2.11.2.jar;C:\Users\lordl\.m2\repository\com\fasterxml\jackson\core\jackson-annotations\2.11.2\jackson-annotations-2.11.2.jar;C:\Users\lordl\.m2\repository\com\google\code\gson\gson\2.8.6\gson-2.8.6.jar;C:\Users\lordl\.m2\repository\com\aipalpay\aipalpay-data-models\1.0.0\aipalpay-data-models-1.0.0.jar;"/>
    <property name="sun.cpu.endian" value="little"/>
    <property name="user.home" value="C:\Users\lordl"/>
    <property name="user.language" value="en"/>
    <property name="java.specification.vendor" value="Oracle Corporation"/>
    <property name="java.home" value="C:\Program Files\Java\jdk1.8.0_261\jre"/>
    <property name="basedir" value="C:\Users\lordl\git\aipalpay-apr-api\aipalpay-apr-api"/>
    <property name="style.color" value="always"/>
    <property name="file.separator" value="\"/>
    <property name="line.separator" value="&#10;"/>
    <property name="java.vm.specification.vendor" value="Oracle Corporation"/>
    <property name="java.specification.name" value="Java Platform API Specification"/>
    <property name="java.awt.graphicsenv" value="sun.awt.Win32GraphicsEnvironment"/>
    <property name="surefire.real.class.path" value="C:\Users\lordl\AppData\Local\Temp\surefire6477684654549426242\surefirebooter5054191794234336797.jar"/>
    <property name="sun.boot.class.path" value="C:\Program Files\Java\jdk1.8.0_261\jre\lib\resources.jar;C:\Program Files\Java\jdk1.8.0_261\jre\lib\rt.jar;C:\Program Files\Java\jdk1.8.0_261\jre\lib\sunrsasign.jar;C:\Program Files\Java\jdk1.8.0_261\jre\lib\jsse.jar;C:\Program Files\Java\jdk1.8.0_261\jre\lib\jce.jar;C:\Program Files\Java\jdk1.8.0_261\jre\lib\charsets.jar;C:\Program Files\Java\jdk1.8.0_261\jre\lib\jfr.jar;C:\Program Files\Java\jdk1.8.0_261\jre\classes"/>
    <property name="user.script" value=""/>
    <property name="sun.management.compiler" value="HotSpot 64-Bit Tiered Compilers"/>
    <property name="java.runtime.version" value="1.8.0_261-b12"/>
    <property name="user.name" value="lordl"/>
    <property name="path.separator" value=";"/>
    <property name="os.version" value="10.0"/>
    <property name="java.endorsed.dirs" value="C:\Program Files\Java\jdk1.8.0_261\jre\lib\endorsed"/>
    <property name="java.runtime.name" value="Java(TM) SE Runtime Environment"/>
    <property name="file.encoding" value="Cp1252"/>
    <property name="java.vm.name" value="Java HotSpot(TM) 64-Bit Server VM"/>
    <property name="localRepository" value="C:\Users\lordl\.m2\repository"/>
    <property name="java.vendor.url.bug" value="http://bugreport.sun.com/bugreport/"/>
    <property name="java.io.tmpdir" value="C:\Users\lordl\AppData\Local\Temp\"/>
    <property name="java.version" value="1.8.0_261"/>
    <property name="user.dir" value="C:\Users\lordl\git\aipalpay-apr-api\aipalpay-apr-api"/>
    <property name="os.arch" value="amd64"/>
    <property name="java.vm.specification.name" value="Java Virtual Machine Specification"/>
    <property name="java.awt.printerjob" value="sun.awt.windows.WPrinterJob"/>
    <property name="sun.os.patch.level" value=""/>
    <property name="java.library.path" value="C:\Program Files\Java\jdk1.8.0_261\jre\bin;C:\windows\Sun\Java\bin;C:\windows\system32;C:\windows;C:/Program Files/Java/jre1.8.0_261/bin/server;C:/Program Files/Java/jre1.8.0_261/bin;C:/Program Files/Java/jre1.8.0_261/lib/amd64;C:\Program Files (x86)\Microsoft SDKs\Azure\CLI2\wbin;C:\Program Files\Common Files\Oracle\Java\javapath;C:\Python38\Scripts\;C:\Python38\;C:\Program Files (x86)\Common Files\Oracle\Java\javapath;C:\windows\system32;C:\windows;C:\windows\System32\Wbem;C:\windows\System32\WindowsPowerShell\v1.0\;C:\windows\System32\OpenSSH\;C:\Program Files (x86)\NVIDIA Corporation\PhysX\Common;C:\Program Files\NVIDIA Corporation\NVIDIA NvDLISR;C:\Program Files\Microsoft VS Code\bin;C:\Program Files\Microsoft SQL Server\130\Tools\Binn\;C:\Program Files\nodejs\;C:\ProgramData\chocolatey\bin;C:\Users\lordl\AppData\Local\Android\Sdk\platform-tools;C:\Program Files\Amazon\AWSCLIV2\;C:\Program Files\Java\jdk1.8.0_261\bin;C:\Program Files\apache-maven-3.6.3\bin;C:\Program Files\Git\cmd;C:\Program Files\RedHat\java-1.8.0-openjdk-1.8.0.265-3\bin;C:\Program Files\RedHat\java-1.8.0-openjdk-1.8.0.265-3\jre\bin;C:\Program Files\RedHat\java-11-openjdk-11.0.8-2\bin;C:\Program Files\dotnet\;C:\Program Files\Microsoft SQL Server\Client SDK\ODBC\170\Tools\Binn\;c:\Program Files (x86)\Microsoft SQL Server\100\Tools\Binn\;c:\Program Files\Microsoft SQL Server\100\Tools\Binn\;c:\Program Files\Microsoft SQL Server\100\DTS\Binn\;c:\Program Files (x86)\Microsoft SQL Server\90\Tools\binn\;C:\terraform;C:\Program Files\Amazon\AWSSAMCLI\bin\;C:\Users\lordl\AppData\Local\Programs\AdoptOpenJDK\bin;C:\Users\lordl\.cargo\bin;C:\Users\lordl\anaconda3;C:\Users\lordl\anaconda3\Library\mingw-w64\bin;C:\Users\lordl\anaconda3\Library\usr\bin;C:\Users\lordl\anaconda3\Library\bin;C:\Users\lordl\anaconda3\Scripts;C:\Users\lordl\AppData\Local\Microsoft\WindowsApps;C:\Users\lordl\AppData\Roaming\npm;C:\Users\lordl\.dotnet\tools;C:\src\flutter\bin;;C:\sts-4.6.1.RELEASE;;."/>
    <property name="java.vm.info" value="mixed mode"/>
    <property name="java.vendor" value="Oracle Corporation"/>
    <property name="java.vm.version" value="25.261-b12"/>
    <property name="java.ext.dirs" value="C:\Program Files\Java\jdk1.8.0_261\jre\lib\ext;C:\windows\Sun\Java\lib\ext"/>
    <property name="sun.io.unicode.encoding" value="UnicodeLittle"/>
    <property name="java.class.version" value="52.0"/>
  </properties>
  <testcase name="shouldAnswerWithTrue" classname="com.aipalpay.apr.api.AppTest" time="0.001"/>
</testsuite>