<?xml version="1.0" encoding="UTF-8"?>
<testsuite xmlns:xsi="http://www.w3.org/2001/XMLSchema-instance" xsi:noNamespaceSchemaLocation="https://maven.apache.org/surefire/maven-surefire-plugin/xsd/surefire-test-report.xsd" name="com.aipalpay.apr.api.AppTest" time="0.026" tests="1" errors="0" skipped="0" failures="0">
  <properties>
    <property name="java.specification.version" value="15"/>
    <property name="sun.cpu.isalist" value="amd64"/>
    <property name="sun.jnu.encoding" value="Cp1252"/>
    <property name="java.class.path" value="C:\Users\lordl\OneDrive\Documents\git\aipalpay-apr-api\aipalpay-apr-api\target\test-classes;C:\Users\lordl\OneDrive\Documents\git\aipalpay-apr-api\aipalpay-apr-api\target\classes;C:\Users\lordl\.m2\repository\junit\junit\4.11\junit-4.11.jar;C:\Users\lordl\.m2\repository\org\hamcrest\hamcrest-core\1.3\hamcrest-core-1.3.jar;C:\Users\lordl\.m2\repository\com\amazonaws\aws-lambda-java-core\1.2.1\aws-lambda-java-core-1.2.1.jar;C:\Users\lordl\.m2\repository\com\amazonaws\aws-lambda-java-events\3.1.0\aws-lambda-java-events-3.1.0.jar;C:\Users\lordl\.m2\repository\joda-time\joda-time\2.6\joda-time-2.6.jar;C:\Users\lordl\.m2\repository\com\amazonaws\aws-lambda-java-log4j2\1.2.0\aws-lambda-java-log4j2-1.2.0.jar;C:\Users\lordl\.m2\repository\org\apache\logging\log4j\log4j-core\2.13.2\log4j-core-2.13.2.jar;C:\Users\lordl\.m2\repository\org\apache\logging\log4j\log4j-api\2.13.2\log4j-api-2.13.2.jar;C:\Users\lordl\.m2\repository\com\aipalpay\aipalpay-azure-services\1.0.0\aipalpay-azure-services-1.0.0.jar;C:\Users\lordl\.m2\repository\com\microsoft\azure\azure-storage\8.6.5\azure-storage-8.6.5.jar;C:\Users\lordl\.m2\repository\com\fasterxml\jackson\core\jackson-core\2.9.4\jackson-core-2.9.4.jar;C:\Users\lordl\.m2\repository\org\slf4j\slf4j-api\1.7.12\slf4j-api-1.7.12.jar;C:\Users\lordl\.m2\repository\org\apache\commons\commons-lang3\3.4\commons-lang3-3.4.jar;C:\Users\lordl\.m2\repository\com\microsoft\azure\azure-keyvault-core\1.0.0\azure-keyvault-core-1.0.0.jar;C:\Users\lordl\.m2\repository\com\google\guava\guava\20.0\guava-20.0.jar;C:\Users\lordl\.m2\repository\com\aipalpay\aipalpay-common-utils\1.0.0\aipalpay-common-utils-1.0.0.jar;C:\Users\lordl\.m2\repository\com\fasterxml\jackson\core\jackson-databind\2.11.2\jackson-databind-2.11.2.jar;C:\Users\lordl\.m2\repository\com\fasterxml\jackson\core\jackson-annotations\2.11.2\jackson-annotations-2.11.2.jar;C:\Users\lordl\.m2\repository\com\google\code\gson\gson\2.8.6\gson-2.8.6.jar;C:\Users\lordl\.m2\repository\com\aipalpay\aipalpay-data-models\1.0.0\aipalpay-data-models-1.0.0.jar;"/>
    <property name="java.vm.vendor" value="Oracle Corporation"/>
    <property name="sun.arch.data.model" value="64"/>
    <property name="user.variant" value=""/>
    <property name="java.vendor.url" value="https://java.oracle.com/"/>
    <property name="user.timezone" value="America/New_York"/>
    <property name="os.name" value="Windows 10"/>
    <property name="java.vm.specification.version" value="15"/>
    <property name="sun.java.launcher" value="SUN_STANDARD"/>
    <property name="user.country" value="US"/>
    <property name="sun.boot.library.path" value="C:\sts-4.8.1.RELEASE\plugins\org.eclipse.justj.openjdk.hotspot.jre.full.win32.x86_64_15.0.0.v20201014-1246\jre\bin"/>
    <property name="sun.java.command" value="C:\Users\lordl\AppData\Local\Temp\surefire8840540025333400725\surefirebooter14783772289028819180.jar C:\Users\lordl\AppData\Local\Temp\surefire8840540025333400725 2020-12-16T14-25-49_081-jvmRun1 surefire11543799186125550171tmp surefire_013392423008071596969tmp"/>
    <property name="jdk.debug" value="release"/>
    <property name="surefire.test.class.path" value="C:\Users\lordl\OneDrive\Documents\git\aipalpay-apr-api\aipalpay-apr-api\target\test-classes;C:\Users\lordl\OneDrive\Documents\git\aipalpay-apr-api\aipalpay-apr-api\target\classes;C:\Users\lordl\.m2\repository\junit\junit\4.11\junit-4.11.jar;C:\Users\lordl\.m2\repository\org\hamcrest\hamcrest-core\1.3\hamcrest-core-1.3.jar;C:\Users\lordl\.m2\repository\com\amazonaws\aws-lambda-java-core\1.2.1\aws-lambda-java-core-1.2.1.jar;C:\Users\lordl\.m2\repository\com\amazonaws\aws-lambda-java-events\3.1.0\aws-lambda-java-events-3.1.0.jar;C:\Users\lordl\.m2\repository\joda-time\joda-time\2.6\joda-time-2.6.jar;C:\Users\lordl\.m2\repository\com\amazonaws\aws-lambda-java-log4j2\1.2.0\aws-lambda-java-log4j2-1.2.0.jar;C:\Users\lordl\.m2\repository\org\apache\logging\log4j\log4j-core\2.13.2\log4j-core-2.13.2.jar;C:\Users\lordl\.m2\repository\org\apache\logging\log4j\log4j-api\2.13.2\log4j-api-2.13.2.jar;C:\Users\lordl\.m2\repository\com\aipalpay\aipalpay-azure-services\1.0.0\aipalpay-azure-services-1.0.0.jar;C:\Users\lordl\.m2\repository\com\microsoft\azure\azure-storage\8.6.5\azure-storage-8.6.5.jar;C:\Users\lordl\.m2\repository\com\fasterxml\jackson\core\jackson-core\2.9.4\jackson-core-2.9.4.jar;C:\Users\lordl\.m2\repository\org\slf4j\slf4j-api\1.7.12\slf4j-api-1.7.12.jar;C:\Users\lordl\.m2\repository\org\apache\commons\commons-lang3\3.4\commons-lang3-3.4.jar;C:\Users\lordl\.m2\repository\com\microsoft\azure\azure-keyvault-core\1.0.0\azure-keyvault-core-1.0.0.jar;C:\Users\lordl\.m2\repository\com\google\guava\guava\20.0\guava-20.0.jar;C:\Users\lordl\.m2\repository\com\aipalpay\aipalpay-common-utils\1.0.0\aipalpay-common-utils-1.0.0.jar;C:\Users\lordl\.m2\repository\com\fasterxml\jackson\core\jackson-databind\2.11.2\jackson-databind-2.11.2.jar;C:\Users\lordl\.m2\repository\com\fasterxml\jackson\core\jackson-annotations\2.11.2\jackson-annotations-2.11.2.jar;C:\Users\lordl\.m2\repository\com\google\code\gson\gson\2.8.6\gson-2.8.6.jar;C:\Users\lordl\.m2\repository\com\aipalpay\aipalpay-data-models\1.0.0\aipalpay-data-models-1.0.0.jar;"/>
    <property name="sun.cpu.endian" value="little"/>
    <property name="user.home" value="C:\Users\lordl"/>
    <property name="user.language" value="en"/>
    <property name="java.specification.vendor" value="Oracle Corporation"/>
    <property name="java.version.date" value="2020-09-15"/>
    <property name="java.home" value="C:\sts-4.8.1.RELEASE\plugins\org.eclipse.justj.openjdk.hotspot.jre.full.win32.x86_64_15.0.0.v20201014-1246\jre"/>
    <property name="file.separator" value="\"/>
    <property name="style.color" value="always"/>
    <property name="basedir" value="C:\Users\lordl\OneDrive\Documents\git\aipalpay-apr-api\aipalpay-apr-api"/>
    <property name="java.vm.compressedOopsMode" value="Zero based"/>
    <property name="line.separator" value="&#10;"/>
    <property name="java.vm.specification.vendor" value="Oracle Corporation"/>
    <property name="java.specification.name" value="Java Platform API Specification"/>
    <property name="surefire.real.class.path" value="C:\Users\lordl\AppData\Local\Temp\surefire8840540025333400725\surefirebooter14783772289028819180.jar"/>
    <property name="user.script" value=""/>
    <property name="sun.management.compiler" value="HotSpot 64-Bit Tiered Compilers"/>
    <property name="java.runtime.version" value="15+36-1562"/>
    <property name="user.name" value="lordl"/>
    <property name="path.separator" value=";"/>
    <property name="os.version" value="10.0"/>
    <property name="java.runtime.name" value="OpenJDK Runtime Environment"/>
    <property name="file.encoding" value="Cp1252"/>
    <property name="java.vm.name" value="OpenJDK 64-Bit Server VM"/>
    <property name="localRepository" value="C:\Users\lordl\.m2\repository"/>
    <property name="java.vendor.url.bug" value="https://bugreport.java.com/bugreport/"/>
    <property name="java.io.tmpdir" value="C:\Users\lordl\AppData\Local\Temp\"/>
    <property name="java.version" value="15"/>
    <property name="user.dir" value="C:\Users\lordl\OneDrive\Documents\git\aipalpay-apr-api\aipalpay-apr-api"/>
    <property name="os.arch" value="amd64"/>
    <property name="java.vm.specification.name" value="Java Virtual Machine Specification"/>
    <property name="sun.os.patch.level" value=""/>
    <property name="java.library.path" value="C:\sts-4.8.1.RELEASE\plugins\org.eclipse.justj.openjdk.hotspot.jre.full.win32.x86_64_15.0.0.v20201014-1246\jre\bin;C:\WINDOWS\Sun\Java\bin;C:\WINDOWS\system32;C:\WINDOWS;C:/sts-4.8.1.RELEASE//plugins/org.eclipse.justj.openjdk.hotspot.jre.full.win32.x86_64_15.0.0.v20201014-1246/jre/bin/server;C:/sts-4.8.1.RELEASE//plugins/org.eclipse.justj.openjdk.hotspot.jre.full.win32.x86_64_15.0.0.v20201014-1246/jre/bin;C:\Program Files (x86)\Common Files\Oracle\Java\javapath;C:\windows\system32;C:\windows;C:\windows\System32\Wbem;C:\windows\System32\WindowsPowerShell\v1.0\;C:\windows\System32\OpenSSH\;C:\Program Files (x86)\NVIDIA Corporation\PhysX\Common;C:\Program Files\NVIDIA Corporation\NVIDIA NvDLISR;C:\WINDOWS\system32;C:\WINDOWS;C:\WINDOWS\System32\Wbem;C:\WINDOWS\System32\WindowsPowerShell\v1.0\;C:\WINDOWS\System32\OpenSSH\;C:\Program Files\Amazon\AWSCLIV2\;C:\Program Files\nodejs\;C:\Program Files\Git\cmd;C:\Program Files\dotnet\;C:\Users\lordl\AppData\Local\Microsoft\WindowsApps;C:\Users\lordl\AppData\Roaming\npm;C:\Users\lordl\AppData\Local\Programs\Microsoft VS Code\bin;C:\Users\lordl\.dotnet\tools;C:\Program Files\maven36\apache-maven-3.6.3\bin;;C:\sts-4.8.1.RELEASE;;."/>
    <property name="java.vm.info" value="mixed mode"/>
    <property name="java.vendor" value="Oracle Corporation"/>
    <property name="java.vm.version" value="15+36-1562"/>
    <property name="sun.io.unicode.encoding" value="UnicodeLittle"/>
    <property name="java.class.version" value="59.0"/>
  </properties>
  <testcase name="shouldAnswerWithTrue" classname="com.aipalpay.apr.api.AppTest" time="0.001"/>
</testsuite>